Dec-02 01:12:16.335 [main] DEBUG nextflow.cli.Launcher - $> nextflow run main.nf --tumor /Users/bernat/Desktop/NANOPORE/wf-nanofrag/test_data/tumor --normal /Users/bernat/Desktop/NANOPORE/wf-nanofrag/test_data/normal --reference /Users/bernat/Desktop/hg38.fa --out_dir test_wf
Dec-02 01:12:16.522 [main] DEBUG nextflow.cli.CmdRun - N E X T F L O W  ~  version 24.10.2
Dec-02 01:12:16.550 [main] DEBUG nextflow.plugin.PluginsFacade - Setting up plugin manager > mode=prod; embedded=false; plugins-dir=/Users/bernat/.nextflow/plugins; core-plugins: nf-amazon@2.9.2,nf-azure@1.10.2,nf-cloudcache@0.4.2,nf-codecommit@0.2.2,nf-console@1.1.4,nf-google@1.15.2,nf-tower@1.9.3,nf-wave@1.7.4
Dec-02 01:12:16.584 [main] INFO  o.pf4j.DefaultPluginStatusProvider - Enabled plugins: []
Dec-02 01:12:16.586 [main] INFO  o.pf4j.DefaultPluginStatusProvider - Disabled plugins: []
Dec-02 01:12:16.591 [main] INFO  org.pf4j.DefaultPluginManager - PF4J version 3.12.0 in 'deployment' mode
Dec-02 01:12:16.614 [main] INFO  org.pf4j.AbstractPluginManager - No plugins
Dec-02 01:12:16.651 [main] DEBUG nextflow.config.ConfigBuilder - Found config local: /Users/bernat/Desktop/NANOPORE/wf-nanofrag/nextflow.config
Dec-02 01:12:16.655 [main] DEBUG nextflow.config.ConfigBuilder - Parsing config file: /Users/bernat/Desktop/NANOPORE/wf-nanofrag/nextflow.config
Dec-02 01:12:16.696 [main] DEBUG n.secret.LocalSecretsProvider - Secrets store: /Users/bernat/.nextflow/secrets/store.json
Dec-02 01:12:16.702 [main] DEBUG nextflow.secret.SecretsLoader - Discovered secrets providers: [nextflow.secret.LocalSecretsProvider@d8948cd] - activable => nextflow.secret.LocalSecretsProvider@d8948cd
Dec-02 01:12:16.726 [main] DEBUG nextflow.config.ConfigBuilder - Applying config profile: `standard`
Dec-02 01:12:17.573 [main] DEBUG nextflow.cli.CmdRun - Applied DSL=2 from script declaration
Dec-02 01:12:17.596 [main] DEBUG nextflow.cli.CmdRun - Launching `main.nf` [insane_gauss] DSL2 - revision: d36f905620
Dec-02 01:12:17.599 [main] DEBUG nextflow.plugin.PluginsFacade - Plugins default=[]
Dec-02 01:12:17.600 [main] DEBUG nextflow.plugin.PluginsFacade - Plugins resolved requirement=[]
Dec-02 01:12:17.681 [main] DEBUG nextflow.Session - Session UUID: 659a5d5e-ab7c-4924-93c5-177243cbe958
Dec-02 01:12:17.682 [main] DEBUG nextflow.Session - Run name: insane_gauss
Dec-02 01:12:17.683 [main] DEBUG nextflow.Session - Executor pool size: 8
Dec-02 01:12:17.697 [main] DEBUG nextflow.file.FilePorter - File porter settings maxRetries=3; maxTransfers=50; pollTimeout=null
Dec-02 01:12:17.705 [main] DEBUG nextflow.util.ThreadPoolBuilder - Creating thread pool 'FileTransfer' minSize=10; maxSize=24; workQueue=LinkedBlockingQueue[10000]; allowCoreThreadTimeout=false
Dec-02 01:12:22.739 [main] DEBUG nextflow.cli.CmdRun - 
  Version: 24.10.2 build 5932
  Created: 27-11-2024 21:23 UTC (22:23 CEST)
  System: Mac OS X 13.6.1
  Runtime: Groovy 4.0.23 on OpenJDK 64-Bit Server VM 17.0.10+7
  Encoding: UTF-8 (UTF-8)
  Process: 70365@MacBook-Pro-de-Bernat.local [192.168.1.59]
  CPUs: 8 - Mem: 16 GB (2.5 GB) - Swap: 4 GB (1 GB)
Dec-02 01:12:22.767 [main] DEBUG nextflow.Session - Work-dir: /Users/bernat/Desktop/NANOPORE/wf-nanofrag/work [Mac OS X]
Dec-02 01:12:22.813 [main] DEBUG nextflow.executor.ExecutorFactory - Extension executors providers=[]
Dec-02 01:12:22.826 [main] DEBUG nextflow.Session - Observer factory: DefaultObserverFactory
Dec-02 01:12:22.896 [main] DEBUG nextflow.cache.CacheFactory - Using Nextflow cache factory: nextflow.cache.DefaultCacheFactory
Dec-02 01:12:22.913 [main] DEBUG nextflow.util.CustomThreadPool - Creating default thread pool > poolSize: 9; maxThreads: 1000
Dec-02 01:12:23.003 [main] DEBUG nextflow.Session - Session start
Dec-02 01:12:23.007 [main] DEBUG nextflow.trace.TraceFileObserver - Workflow started -- trace file: /Users/bernat/Desktop/NANOPORE/wf-nanofrag/test_wf/execution/trace.txt
Dec-02 01:12:23.015 [main] DEBUG nextflow.Session - Using default localLib path: /Users/bernat/Desktop/NANOPORE/wf-nanofrag/lib
Dec-02 01:12:23.021 [main] DEBUG nextflow.Session - Adding to the classpath library: /Users/bernat/Desktop/NANOPORE/wf-nanofrag/lib
Dec-02 01:12:23.022 [main] DEBUG nextflow.Session - Adding to the classpath library: /Users/bernat/Desktop/NANOPORE/wf-nanofrag/lib/nfcore_external_java_deps.jar
Dec-02 01:12:23.532 [main] DEBUG nextflow.script.ScriptRunner - > Launching execution
Dec-02 01:12:23.549 [main] WARN  nextflow.script.ScriptBinding - Access to undefined parameter `help` -- Initialise it to a default value eg. `params.help = some_value`
Dec-02 01:12:23.720 [main] DEBUG nextflow.executor.ExecutorFactory - << taskConfig executor: null
Dec-02 01:12:23.721 [main] DEBUG nextflow.executor.ExecutorFactory - >> processorType: 'local'
Dec-02 01:12:23.731 [main] DEBUG nextflow.executor.Executor - [warm up] executor > local
Dec-02 01:12:23.740 [main] DEBUG n.processor.LocalPollingMonitor - Creating local task monitor for executor 'local' > cpus=8; memory=16 GB; capacity=8; pollInterval=100ms; dumpInterval=5m
Dec-02 01:12:23.744 [main] DEBUG n.processor.TaskPollingMonitor - >>> barrier register (monitor: local)
Dec-02 01:12:23.859 [main] DEBUG nextflow.Session - Workflow process names [dsl2]: runNanofrag
Dec-02 01:12:23.879 [main] WARN  nextflow.Session - There's no process matching config selector: ichorCNV
Dec-02 01:12:23.881 [main] WARN  nextflow.Session - There's no process matching config selector: nanoMix
Dec-02 01:12:23.881 [main] WARN  nextflow.Session - There's no process matching config selector: nanofrag_python_env
Dec-02 01:12:23.881 [main] DEBUG nextflow.Session - Igniting dataflow network (4)
Dec-02 01:12:23.894 [main] DEBUG nextflow.processor.TaskProcessor - Starting process > runNanofrag
Dec-02 01:12:23.895 [main] DEBUG nextflow.script.ScriptRunner - Parsed script files:
  Script_2d4a22b84454363d: /Users/bernat/Desktop/NANOPORE/wf-nanofrag/main.nf
Dec-02 01:12:23.895 [main] DEBUG nextflow.script.ScriptRunner - > Awaiting termination 
Dec-02 01:12:23.895 [main] DEBUG nextflow.Session - Session await
Dec-02 01:12:24.206 [Task submitter] WARN  n.executor.BashWrapperBuilder - Task runtime metrics are not reported when using macOS without a container engine
Dec-02 01:12:24.234 [Task submitter] DEBUG n.executor.local.LocalTaskHandler - Launch cmd line: /bin/bash -ue .command.run
Dec-02 01:12:24.239 [Task submitter] INFO  nextflow.Session - [09/ad129f] Submitted process > runNanofrag (nanofrag)
Dec-02 01:14:24.892 [Task monitor] DEBUG n.processor.TaskPollingMonitor - Task completed > TaskHandler[id: 1; name: runNanofrag (nanofrag); status: COMPLETED; exit: 1; error: -; workDir: /Users/bernat/Desktop/NANOPORE/wf-nanofrag/work/09/ad129f6b941d78138b7555d289bb0e]
Dec-02 01:14:24.894 [Task monitor] DEBUG nextflow.util.ThreadPoolBuilder - Creating thread pool 'TaskFinalizer' minSize=10; maxSize=24; workQueue=LinkedBlockingQueue[10000]; allowCoreThreadTimeout=false
Dec-02 01:14:24.954 [TaskFinalizer-1] DEBUG nextflow.processor.TaskProcessor - Handling unexpected condition for
  task: name=runNanofrag (nanofrag); work-dir=/Users/bernat/Desktop/NANOPORE/wf-nanofrag/work/09/ad129f6b941d78138b7555d289bb0e
  error [nextflow.exception.ProcessFailedException]: Process `runNanofrag (nanofrag)` terminated with an error exit status (1)
Dec-02 01:14:24.991 [TaskFinalizer-1] ERROR nextflow.processor.TaskProcessor - Error executing process > 'runNanofrag (nanofrag)'

Caused by:
  Process `runNanofrag (nanofrag)` terminated with an error exit status (1)


Command executed:

  echo "Running Nanofrag using docker run command..."
  docker run  -i --rm \
      -v /Users/bernat/Desktop/NANOPORE/wf-nanofrag/bin/:/nanofrag_script/ \
      -v /var/run/docker.sock:/var/run/docker.sock \
      -v /Users/bernat/Desktop/NANOPORE/wf-nanofrag/test_data/tumor/:/tumors/ \
      -v /Users/bernat/Desktop/NANOPORE/wf-nanofrag/test_data/normal/:/normals/ \
      -v /Users/bernat/Desktop/hg38.fa/:/ref_dir/\
      -v test_wf:/out_dir/ \
      bdolmo/python_env_nanofrag:latest /nanofrag_script/nanofrag.py \
      --docker_output test_wf \
      --tumor_list /tumors/ \
      --normal_list /normals/ \
      --reference /ref_dir/ \
      --output_dir /out_dir/ \
      --threads 4 \
      --skip_small_variants

Command exit status:
  1

Command output:
  Running Nanofrag using docker run command...
  /nanofrag_script/bin/cfDNA_counts/src/cfdna_counter /tumors/tumor1.bam /out_dir/windows.1000kb.bed /out_dir/FRAGMENTATION/tumor1.fragmentation.data.bed /out_dir/FRAGMENTATION/tumor1.fragmentation.wig
  /nanofrag_script/bin/cfDNA_counts/src/cfdna_counter /tumors/tumor2.bam /out_dir/windows.1000kb.bed /out_dir/FRAGMENTATION/tumor2.fragmentation.data.bed /out_dir/FRAGMENTATION/tumor2.fragmentation.wig
  /nanofrag_script/bin/cfDNA_counts/src/cfdna_counter /normals/normal2.bam /out_dir/windows.1000kb.bed /out_dir/FRAGMENTATION/normal2.fragmentation.data.bed /out_dir/FRAGMENTATION/normal2.fragmentation.wig
  /nanofrag_script/bin/cfDNA_counts/src/cfdna_counter /tumors/tumor3.bam /out_dir/windows.1000kb.bed /out_dir/FRAGMENTATION/tumor3.fragmentation.data.bed /out_dir/FRAGMENTATION/tumor3.fragmentation.wig
  /nanofrag_script/bin/cfDNA_counts/src/cfdna_counter /normals/normal3.bam /out_dir/windows.1000kb.bed /out_dir/FRAGMENTATION/normal3.fragmentation.data.bed /out_dir/FRAGMENTATION/normal3.fragmentation.wig
  INFO: Fragment sizes saved to /out_dir/FRAGMENTATION/tumor1.fragment.sizes.txt
  INFO: Fragment sizes saved to /out_dir/FRAGMENTATION/tumor2.fragment.sizes.txt
  INFO: Fragment sizes saved to /out_dir/FRAGMENTATION/tumor3.fragment.sizes.txt
  INFO: Fragment sizes saved to /out_dir/FRAGMENTATION/tumor4.fragment.sizes.txt
  INFO: Fragment sizes saved to /out_dir/FRAGMENTATION/normal1.fragment.sizes.txt
  INFO: Fragment sizes saved to /out_dir/FRAGMENTATION/normal2.fragment.sizes.txt
  INFO: Fragment sizes saved to /out_dir/FRAGMENTATION/normal3.fragment.sizes.txt
   INFO: Fragment interval stats:
  	(50-220 bp)  mode: 160.0 median: 148.5 mean: 147.68157181571814 std: 24.045021357268485
  	(220-400 bp)  mode: 301.0 median: 294.0 mean: 294.2625698324022 std: 33.80268748190459
  	(400-800 bp)  mode: 411.0 median: 442.0 mean: 501.04761904761904 std: 119.48534478775052
  	(50-220 bp)  mode: 165.0 median: 159.0 mean: 152.82194244604315 std: 25.96176579948506
  	(220-400 bp)  mode: 296.0 median: 307.0 mean: 303.6666666666667 std: 38.151561785419304
  	(400-800 bp)  mode: 540.0 median: 544.0 mean: 561.0 std: 32.96968304366907
  	(50-220 bp)  mode: 161.0 median: 161.0 mean: 158.26769911504425 std: 20.75581869673647
  	(220-400 bp)  mode: 333.0 median: 305.0 mean: 297.25 std: 43.32823230049564
  	(400-800 bp)  mode: 402.0 median: 495.0 mean: 500.5 std: 81.860508532154
  	(50-220 bp)  mode: 169.0 median: 166.0 mean: 163.4976076555024 std: 17.622953891574376
  	(220-400 bp)  mode: 376.0 median: 322.0 mean: 323.5925925925926 std: 54.72396413558004
  	(400-800 bp)  mode: 402.0 median: 532.0 mean: 551.5 std: 111.04653679126304
  	(50-220 bp)  mode: 162.0 median: 162.0 mean: 159.33633633633633 std: 24.120087827574068
  	(220-400 bp)  mode: 317.0 median: 323.0 mean: 321.0131004366812 std: 41.33564796320621
  	(400-800 bp)  mode: 556.0 median: 532.0 mean: 540.4461538461538 std: 93.2764759279555
  	(50-220 bp)  mode: 165 median: 162.0 mean: 160.03758788534344 std: 23.156362257291683
  	(220-400 bp)  mode: 323 median: 327.5 mean: 322.71043165467626 std: 42.74975599061649
  	(400-800 bp)  mode: 472 median: 516.0 mean: 542.2121212121212 std: 103.6545459602344
  	(50-220 bp)  mode: 165 median: 162.0 mean: 160.03758788534344 std: 23.156362257291683
  	(220-400 bp)  mode: 323 median: 327.5 mean: 322.71043165467626 std: 42.74975599061649
  	(400-800 bp)  mode: 472 median: 516.0 mean: 542.2121212121212 std: 103.6545459602344
   INFO: Histogram of read sizes saved to /out_dir/FRAGMENTATION/fragmentation.histogram.png
  /tumors/tumor1.bam
  docker run -it -v test_wf/CNA:/output -v test_wf/FRAGMENTATION:/fragment_folder seqeralabs/ichorcna runIchorCNA.R --id tumor1 --WIG /fragment_folder/tumor1.fragmentation.wig --ploidy "c(2,3)" --normal "c(0.5,0.6,0.7,0.8,0.9)" --maxCN 5 --gcWig /opt/conda/share/r-ichorcna-0.1.0.20180710-0/extdata/gc_hg38_1000kb.wig --mapWig /opt/conda/share/r-ichorcna-0.1.0.20180710-0/extdata/map_hg38_1000kb.wig --centromere /opt/conda/share/r-ichorcna-0.1.0.20180710-0/extdata/GRCh38.GCA_000001405.2_centromere_acen.txt --includeHOMD False --estimateNormal True --estimatePloidy True --estimateScPrevalence True --scStates "c(1,3)" --txnE 0.9999 --txnStrength 10000 --outDir /output
  Running ichorCNA analysis...
  Error in ichorCNA command: Command 'docker run -it -v test_wf/CNA:/output -v test_wf/FRAGMENTATION:/fragment_folder seqeralabs/ichorcna runIchorCNA.R --id tumor1 --WIG /fragment_folder/tumor1.fragmentation.wig --ploidy "c(2,3)" --normal "c(0.5,0.6,0.7,0.8,0.9)" --maxCN 5 --gcWig /opt/conda/share/r-ichorcna-0.1.0.20180710-0/extdata/gc_hg38_1000kb.wig --mapWig /opt/conda/share/r-ichorcna-0.1.0.20180710-0/extdata/map_hg38_1000kb.wig --centromere /opt/conda/share/r-ichorcna-0.1.0.20180710-0/extdata/GRCh38.GCA_000001405.2_centromere_acen.txt --includeHOMD False --estimateNormal True --estimatePloidy True --estimateScPrevalence True --scStates "c(1,3)" --txnE 0.9999 --txnStrength 10000 --outDir /output' returned non-zero exit status 127.

Command error:
  INFO: Fragment sizes saved to /out_dir/FRAGMENTATION/tumor4.fragment.sizes.txt
  INFO: Fragment sizes saved to /out_dir/FRAGMENTATION/normal1.fragment.sizes.txt
  INFO: Fragment sizes saved to /out_dir/FRAGMENTATION/normal2.fragment.sizes.txt
  INFO: Fragment sizes saved to /out_dir/FRAGMENTATION/normal3.fragment.sizes.txt
   INFO: Fragment interval stats:
  	(50-220 bp)  mode: 160.0 median: 148.5 mean: 147.68157181571814 std: 24.045021357268485
  	(220-400 bp)  mode: 301.0 median: 294.0 mean: 294.2625698324022 std: 33.80268748190459
  	(400-800 bp)  mode: 411.0 median: 442.0 mean: 501.04761904761904 std: 119.48534478775052
  	(50-220 bp)  mode: 165.0 median: 159.0 mean: 152.82194244604315 std: 25.96176579948506
  	(220-400 bp)  mode: 296.0 median: 307.0 mean: 303.6666666666667 std: 38.151561785419304
  	(400-800 bp)  mode: 540.0 median: 544.0 mean: 561.0 std: 32.96968304366907
  	(50-220 bp)  mode: 161.0 median: 161.0 mean: 158.26769911504425 std: 20.75581869673647
  	(220-400 bp)  mode: 333.0 median: 305.0 mean: 297.25 std: 43.32823230049564
  	(400-800 bp)  mode: 402.0 median: 495.0 mean: 500.5 std: 81.860508532154
  	(50-220 bp)  mode: 169.0 median: 166.0 mean: 163.4976076555024 std: 17.622953891574376
  	(220-400 bp)  mode: 376.0 median: 322.0 mean: 323.5925925925926 std: 54.72396413558004
  	(400-800 bp)  mode: 402.0 median: 532.0 mean: 551.5 std: 111.04653679126304
  	(50-220 bp)  mode: 162.0 median: 162.0 mean: 159.33633633633633 std: 24.120087827574068
  	(220-400 bp)  mode: 317.0 median: 323.0 mean: 321.0131004366812 std: 41.33564796320621
  	(400-800 bp)  mode: 556.0 median: 532.0 mean: 540.4461538461538 std: 93.2764759279555
  	(50-220 bp)  mode: 165 median: 162.0 mean: 160.03758788534344 std: 23.156362257291683
  	(220-400 bp)  mode: 323 median: 327.5 mean: 322.71043165467626 std: 42.74975599061649
  	(400-800 bp)  mode: 472 median: 516.0 mean: 542.2121212121212 std: 103.6545459602344
  	(50-220 bp)  mode: 165 median: 162.0 mean: 160.03758788534344 std: 23.156362257291683
  	(220-400 bp)  mode: 323 median: 327.5 mean: 322.71043165467626 std: 42.74975599061649
  	(400-800 bp)  mode: 472 median: 516.0 mean: 542.2121212121212 std: 103.6545459602344
   INFO: Histogram of read sizes saved to /out_dir/FRAGMENTATION/fragmentation.histogram.png
  /tumors/tumor1.bam
  docker run -it -v test_wf/CNA:/output -v test_wf/FRAGMENTATION:/fragment_folder seqeralabs/ichorcna runIchorCNA.R --id tumor1 --WIG /fragment_folder/tumor1.fragmentation.wig --ploidy "c(2,3)" --normal "c(0.5,0.6,0.7,0.8,0.9)" --maxCN 5 --gcWig /opt/conda/share/r-ichorcna-0.1.0.20180710-0/extdata/gc_hg38_1000kb.wig --mapWig /opt/conda/share/r-ichorcna-0.1.0.20180710-0/extdata/map_hg38_1000kb.wig --centromere /opt/conda/share/r-ichorcna-0.1.0.20180710-0/extdata/GRCh38.GCA_000001405.2_centromere_acen.txt --includeHOMD False --estimateNormal True --estimatePloidy True --estimateScPrevalence True --scStates "c(1,3)" --txnE 0.9999 --txnStrength 10000 --outDir /output
  Running ichorCNA analysis...
  Error in ichorCNA command: Command 'docker run -it -v test_wf/CNA:/output -v test_wf/FRAGMENTATION:/fragment_folder seqeralabs/ichorcna runIchorCNA.R --id tumor1 --WIG /fragment_folder/tumor1.fragmentation.wig --ploidy "c(2,3)" --normal "c(0.5,0.6,0.7,0.8,0.9)" --maxCN 5 --gcWig /opt/conda/share/r-ichorcna-0.1.0.20180710-0/extdata/gc_hg38_1000kb.wig --mapWig /opt/conda/share/r-ichorcna-0.1.0.20180710-0/extdata/map_hg38_1000kb.wig --centromere /opt/conda/share/r-ichorcna-0.1.0.20180710-0/extdata/GRCh38.GCA_000001405.2_centromere_acen.txt --includeHOMD False --estimateNormal True --estimatePloidy True --estimateScPrevalence True --scStates "c(1,3)" --txnE 0.9999 --txnStrength 10000 --outDir /output' returned non-zero exit status 127.
      sample_list = run_cn_workflow(sample_list, docker_output, ann_dict, output_dir)
                    ^^^^^^^^^^^^^^^^^^^^^^^^^^^^^^^^^^^^^^^^^^^^^^^^^^^^^^^^^^^^^^^^^
    File "/nanofrag_script/modules/copy_number.py", line 480, in run_cn_workflow
      run_ichorcna_docker(sample.bam, cna_folder, docker_output, sample.fragment_wig, sample.name)
    File "/nanofrag_script/modules/copy_number.py", line 80, in run_ichorcna_docker
      plot_cna_genomewide(sample_id, rdata_file, cna_plot)
    File "/nanofrag_script/modules/copy_number.py", line 266, in plot_cna_genomewide
      parsed = rdata.parser.parse_file(rdata_file)
               ^^^^^^^^^^^^^^^^^^^^^^^^^^^^^^^^^^^
    File "/usr/local/lib/python3.12/site-packages/rdata/parser/_parser.py", line 1085, in parse_file
      data = path.read_bytes()
             ^^^^^^^^^^^^^^^^^
    File "/usr/local/lib/python3.12/pathlib.py", line 1019, in read_bytes
      with self.open(mode='rb') as f:
           ^^^^^^^^^^^^^^^^^^^^
    File "/usr/local/lib/python3.12/pathlib.py", line 1013, in open
      return io.open(self, mode, buffering, encoding, errors, newline)
             ^^^^^^^^^^^^^^^^^^^^^^^^^^^^^^^^^^^^^^^^^^^^^^^^^^^^^^^^^
  FileNotFoundError: [Errno 2] No such file or directory: '/out_dir/CNA/tumor1.RData'

Work dir:
  /Users/bernat/Desktop/NANOPORE/wf-nanofrag/work/09/ad129f6b941d78138b7555d289bb0e

Tip: you can try to figure out what's wrong by changing to the process work dir and showing the script file named `.command.sh`
Dec-02 01:14:25.001 [main] DEBUG nextflow.Session - Session await > all processes finished
Dec-02 01:14:25.032 [TaskFinalizer-1] DEBUG nextflow.Session - Session aborted -- Cause: Process `runNanofrag (nanofrag)` terminated with an error exit status (1)
Dec-02 01:14:25.059 [Task monitor] DEBUG n.processor.TaskPollingMonitor - <<< barrier arrives (monitor: local) - terminating tasks monitor poll loop
Dec-02 01:14:25.059 [main] DEBUG nextflow.Session - Session await > all barriers passed
Dec-02 01:14:25.060 [TaskFinalizer-1] DEBUG nextflow.Session - 
Thread[Actor Thread 1,5,main]
  java.base@17.0.10/jdk.internal.misc.Unsafe.park(Native Method)
  java.base@17.0.10/java.util.concurrent.locks.LockSupport.park(LockSupport.java:341)
  java.base@17.0.10/java.util.concurrent.SynchronousQueue$TransferStack$SNode.block(SynchronousQueue.java:288)
  java.base@17.0.10/java.util.concurrent.ForkJoinPool.unmanagedBlock(ForkJoinPool.java:3465)
  java.base@17.0.10/java.util.concurrent.ForkJoinPool.managedBlock(ForkJoinPool.java:3436)
  java.base@17.0.10/java.util.concurrent.SynchronousQueue$TransferStack.transfer(SynchronousQueue.java:397)
  java.base@17.0.10/java.util.concurrent.SynchronousQueue.take(SynchronousQueue.java:886)
  java.base@17.0.10/java.util.concurrent.ThreadPoolExecutor.getTask(ThreadPoolExecutor.java:1062)
  java.base@17.0.10/java.util.concurrent.ThreadPoolExecutor.runWorker(ThreadPoolExecutor.java:1122)
  java.base@17.0.10/java.util.concurrent.ThreadPoolExecutor$Worker.run(ThreadPoolExecutor.java:635)
  java.base@17.0.10/java.lang.Thread.run(Thread.java:840)

Thread[process reaper,10,system]
  java.base@17.0.10/jdk.internal.misc.Unsafe.park(Native Method)
  java.base@17.0.10/java.util.concurrent.locks.LockSupport.parkNanos(LockSupport.java:252)
  java.base@17.0.10/java.util.concurrent.SynchronousQueue$TransferStack.transfer(SynchronousQueue.java:401)
  java.base@17.0.10/java.util.concurrent.SynchronousQueue.poll(SynchronousQueue.java:903)
  java.base@17.0.10/java.util.concurrent.ThreadPoolExecutor.getTask(ThreadPoolExecutor.java:1061)
  java.base@17.0.10/java.util.concurrent.ThreadPoolExecutor.runWorker(ThreadPoolExecutor.java:1122)
  java.base@17.0.10/java.util.concurrent.ThreadPoolExecutor$Worker.run(ThreadPoolExecutor.java:635)
  java.base@17.0.10/java.lang.Thread.run(Thread.java:840)

Thread[Actor Thread 7,5,main]
  java.base@17.0.10/jdk.internal.misc.Unsafe.park(Native Method)
  java.base@17.0.10/java.util.concurrent.locks.LockSupport.park(LockSupport.java:341)
  java.base@17.0.10/java.util.concurrent.SynchronousQueue$TransferStack$SNode.block(SynchronousQueue.java:288)
  java.base@17.0.10/java.util.concurrent.ForkJoinPool.unmanagedBlock(ForkJoinPool.java:3465)
  java.base@17.0.10/java.util.concurrent.ForkJoinPool.managedBlock(ForkJoinPool.java:3436)
  java.base@17.0.10/java.util.concurrent.SynchronousQueue$TransferStack.transfer(SynchronousQueue.java:397)
  java.base@17.0.10/java.util.concurrent.SynchronousQueue.take(SynchronousQueue.java:886)
  java.base@17.0.10/java.util.concurrent.ThreadPoolExecutor.getTask(ThreadPoolExecutor.java:1062)
  java.base@17.0.10/java.util.concurrent.ThreadPoolExecutor.runWorker(ThreadPoolExecutor.java:1122)
  java.base@17.0.10/java.util.concurrent.ThreadPoolExecutor$Worker.run(ThreadPoolExecutor.java:635)
  java.base@17.0.10/java.lang.Thread.run(Thread.java:840)

Thread[Task monitor,5,main]
  java.base@17.0.10/jdk.internal.misc.Unsafe.park(Native Method)
  java.base@17.0.10/java.util.concurrent.locks.LockSupport.parkNanos(LockSupport.java:252)
  java.base@17.0.10/java.util.concurrent.locks.AbstractQueuedSynchronizer$ConditionObject.await(AbstractQueuedSynchronizer.java:1757)
  app//nextflow.processor.TaskPollingMonitor$_await_closure5.doCall(TaskPollingMonitor.groovy:529)
  app//nextflow.processor.TaskPollingMonitor$_await_closure5.call(TaskPollingMonitor.groovy)
  app//nextflow.extension.Bolts.withLock(Bolts.groovy:337)
  app//nextflow.extension.Bolts.withLock(Bolts.groovy)
  app//nextflow.processor.TaskPollingMonitor.await(TaskPollingMonitor.groovy:528)
  app//nextflow.processor.TaskPollingMonitor.pollLoop(TaskPollingMonitor.groovy:453)
  java.base@17.0.10/jdk.internal.reflect.NativeMethodAccessorImpl.invoke0(Native Method)
  java.base@17.0.10/jdk.internal.reflect.NativeMethodAccessorImpl.invoke(NativeMethodAccessorImpl.java:77)
  java.base@17.0.10/jdk.internal.reflect.DelegatingMethodAccessorImpl.invoke(DelegatingMethodAccessorImpl.java:43)
  java.base@17.0.10/java.lang.reflect.Method.invoke(Method.java:568)
  app//org.codehaus.groovy.reflection.CachedMethod.invoke(CachedMethod.java:343)
  app//groovy.lang.MetaMethod.doMethodInvoke(MetaMethod.java:328)
  app//groovy.lang.MetaClassImpl.doInvokeMethod(MetaClassImpl.java:1333)
  app//groovy.lang.MetaClassImpl.invokeMethod(MetaClassImpl.java:1088)
  app//groovy.lang.MetaClassImpl.invokeMethod(MetaClassImpl.java:1007)
  app//org.codehaus.groovy.runtime.InvokerHelper.invokePogoMethod(InvokerHelper.java:645)
  app//org.codehaus.groovy.runtime.InvokerHelper.invokeMethod(InvokerHelper.java:628)
  app//org.codehaus.groovy.runtime.InvokerHelper.invokeMethodSafe(InvokerHelper.java:82)
  app//nextflow.processor.TaskPollingMonitor$_start_closure2.doCall(TaskPollingMonitor.groovy:318)
  app//nextflow.processor.TaskPollingMonitor$_start_closure2.call(TaskPollingMonitor.groovy)
  app//groovy.lang.Closure.run(Closure.java:505)
  java.base@17.0.10/java.lang.Thread.run(Thread.java:840)

Thread[Actor Thread 3,5,main]
  java.base@17.0.10/jdk.internal.misc.Unsafe.park(Native Method)
  java.base@17.0.10/java.util.concurrent.locks.LockSupport.park(LockSupport.java:341)
  java.base@17.0.10/java.util.concurrent.SynchronousQueue$TransferStack$SNode.block(SynchronousQueue.java:288)
  java.base@17.0.10/java.util.concurrent.ForkJoinPool.unmanagedBlock(ForkJoinPool.java:3465)
  java.base@17.0.10/java.util.concurrent.ForkJoinPool.managedBlock(ForkJoinPool.java:3436)
  java.base@17.0.10/java.util.concurrent.SynchronousQueue$TransferStack.transfer(SynchronousQueue.java:397)
  java.base@17.0.10/java.util.concurrent.SynchronousQueue.take(SynchronousQueue.java:886)
  java.base@17.0.10/java.util.concurrent.ThreadPoolExecutor.getTask(ThreadPoolExecutor.java:1062)
  java.base@17.0.10/java.util.concurrent.ThreadPoolExecutor.runWorker(ThreadPoolExecutor.java:1122)
  java.base@17.0.10/java.util.concurrent.ThreadPoolExecutor$Worker.run(ThreadPoolExecutor.java:635)
  java.base@17.0.10/java.lang.Thread.run(Thread.java:840)

Thread[Actor Thread 6,5,main]
  java.base@17.0.10/jdk.internal.misc.Unsafe.park(Native Method)
  java.base@17.0.10/java.util.concurrent.locks.LockSupport.park(LockSupport.java:341)
  java.base@17.0.10/java.util.concurrent.SynchronousQueue$TransferStack$SNode.block(SynchronousQueue.java:288)
  java.base@17.0.10/java.util.concurrent.ForkJoinPool.unmanagedBlock(ForkJoinPool.java:3465)
  java.base@17.0.10/java.util.concurrent.ForkJoinPool.managedBlock(ForkJoinPool.java:3436)
  java.base@17.0.10/java.util.concurrent.SynchronousQueue$TransferStack.transfer(SynchronousQueue.java:397)
  java.base@17.0.10/java.util.concurrent.SynchronousQueue.take(SynchronousQueue.java:886)
  java.base@17.0.10/java.util.concurrent.ThreadPoolExecutor.getTask(ThreadPoolExecutor.java:1062)
  java.base@17.0.10/java.util.concurrent.ThreadPoolExecutor.runWorker(ThreadPoolExecutor.java:1122)
  java.base@17.0.10/java.util.concurrent.ThreadPoolExecutor$Worker.run(ThreadPoolExecutor.java:635)
  java.base@17.0.10/java.lang.Thread.run(Thread.java:840)

Thread[main,5,main]
  java.base@17.0.10/jdk.internal.misc.Unsafe.park(Native Method)
  java.base@17.0.10/java.util.concurrent.locks.LockSupport.park(LockSupport.java:341)
  java.base@17.0.10/java.util.concurrent.locks.AbstractQueuedSynchronizer$ConditionNode.block(AbstractQueuedSynchronizer.java:506)
  java.base@17.0.10/java.util.concurrent.ForkJoinPool.unmanagedBlock(ForkJoinPool.java:3465)
  java.base@17.0.10/java.util.concurrent.ForkJoinPool.managedBlock(ForkJoinPool.java:3436)
  java.base@17.0.10/java.util.concurrent.locks.AbstractQueuedSynchronizer$ConditionObject.await(AbstractQueuedSynchronizer.java:1623)
  app//nextflow.util.Barrier$_awaitCompletion_closure3.doCall(Barrier.groovy:92)
  app//nextflow.util.Barrier$_awaitCompletion_closure3.call(Barrier.groovy)
  app//nextflow.extension.Bolts.withLock(Bolts.groovy:337)
  app//nextflow.extension.Bolts.withLock(Bolts.groovy)
  app//nextflow.util.Barrier.awaitCompletion(Barrier.groovy:89)
  app//nextflow.Session.await(Session.groovy:679)
  app//nextflow.script.ScriptRunner.await(ScriptRunner.groovy:256)
  app//nextflow.script.ScriptRunner.execute(ScriptRunner.groovy:144)
  app//nextflow.cli.CmdRun.run(CmdRun.groovy:376)
  app//nextflow.cli.Launcher.run(Launcher.groovy:503)
  app//nextflow.cli.Launcher.main(Launcher.groovy:658)

Thread[Actor Thread 4,5,main]
  java.base@17.0.10/jdk.internal.misc.Unsafe.park(Native Method)
  java.base@17.0.10/java.util.concurrent.locks.LockSupport.park(LockSupport.java:341)
  java.base@17.0.10/java.util.concurrent.SynchronousQueue$TransferStack$SNode.block(SynchronousQueue.java:288)
  java.base@17.0.10/java.util.concurrent.ForkJoinPool.unmanagedBlock(ForkJoinPool.java:3465)
  java.base@17.0.10/java.util.concurrent.ForkJoinPool.managedBlock(ForkJoinPool.java:3436)
  java.base@17.0.10/java.util.concurrent.SynchronousQueue$TransferStack.transfer(SynchronousQueue.java:397)
  java.base@17.0.10/java.util.concurrent.SynchronousQueue.take(SynchronousQueue.java:886)
  java.base@17.0.10/java.util.concurrent.ThreadPoolExecutor.getTask(ThreadPoolExecutor.java:1062)
  java.base@17.0.10/java.util.concurrent.ThreadPoolExecutor.runWorker(ThreadPoolExecutor.java:1122)
  java.base@17.0.10/java.util.concurrent.ThreadPoolExecutor$Worker.run(ThreadPoolExecutor.java:635)
  java.base@17.0.10/java.lang.Thread.run(Thread.java:840)

Thread[Actor Thread 5,5,main]
  java.base@17.0.10/jdk.internal.misc.Unsafe.park(Native Method)
  java.base@17.0.10/java.util.concurrent.locks.LockSupport.park(LockSupport.java:341)
  java.base@17.0.10/java.util.concurrent.SynchronousQueue$TransferStack$SNode.block(SynchronousQueue.java:288)
  java.base@17.0.10/java.util.concurrent.ForkJoinPool.unmanagedBlock(ForkJoinPool.java:3465)
  java.base@17.0.10/java.util.concurrent.ForkJoinPool.managedBlock(ForkJoinPool.java:3436)
  java.base@17.0.10/java.util.concurrent.SynchronousQueue$TransferStack.transfer(SynchronousQueue.java:397)
  java.base@17.0.10/java.util.concurrent.SynchronousQueue.take(SynchronousQueue.java:886)
  java.base@17.0.10/java.util.concurrent.ThreadPoolExecutor.getTask(ThreadPoolExecutor.java:1062)
  java.base@17.0.10/java.util.concurrent.ThreadPoolExecutor.runWorker(ThreadPoolExecutor.java:1122)
  java.base@17.0.10/java.util.concurrent.ThreadPoolExecutor$Worker.run(ThreadPoolExecutor.java:635)
  java.base@17.0.10/java.lang.Thread.run(Thread.java:840)

Thread[Task submitter,5,main]
  java.base@17.0.10/jdk.internal.misc.Unsafe.park(Native Method)
  java.base@17.0.10/java.util.concurrent.locks.LockSupport.park(LockSupport.java:341)
  java.base@17.0.10/java.util.concurrent.locks.AbstractQueuedSynchronizer$ConditionNode.block(AbstractQueuedSynchronizer.java:506)
  java.base@17.0.10/java.util.concurrent.ForkJoinPool.unmanagedBlock(ForkJoinPool.java:3465)
  java.base@17.0.10/java.util.concurrent.ForkJoinPool.managedBlock(ForkJoinPool.java:3436)
  java.base@17.0.10/java.util.concurrent.locks.AbstractQueuedSynchronizer$ConditionObject.await(AbstractQueuedSynchronizer.java:1623)
  app//nextflow.processor.TaskPollingMonitor.awaitTasks(TaskPollingMonitor.groovy:388)
  app//nextflow.processor.TaskPollingMonitor.submitLoop(TaskPollingMonitor.groovy:412)
  java.base@17.0.10/jdk.internal.reflect.NativeMethodAccessorImpl.invoke0(Native Method)
  java.base@17.0.10/jdk.internal.reflect.NativeMethodAccessorImpl.invoke(NativeMethodAccessorImpl.java:77)
  java.base@17.0.10/jdk.internal.reflect.DelegatingMethodAccessorImpl.invoke(DelegatingMethodAccessorImpl.java:43)
  java.base@17.0.10/java.lang.reflect.Method.invoke(Method.java:568)
  app//org.codehaus.groovy.reflection.CachedMethod.invoke(CachedMethod.java:343)
  app//groovy.lang.MetaMethod.doMethodInvoke(MetaMethod.java:328)
  app//groovy.lang.MetaClassImpl.doInvokeMethod(MetaClassImpl.java:1333)
  app//groovy.lang.MetaClassImpl.invokeMethod(MetaClassImpl.java:1088)
  app//groovy.lang.MetaClassImpl.invokeMethodClosure(MetaClassImpl.java:1017)
  app//groovy.lang.MetaClassImpl.doInvokeMethod(MetaClassImpl.java:1207)
  app//groovy.lang.MetaClassImpl.invokeMethod(MetaClassImpl.java:1088)
  app//groovy.lang.MetaClassImpl.invokeMethod(MetaClassImpl.java:1007)
  app//groovy.lang.Closure.call(Closure.java:433)
  app//groovy.lang.Closure.call(Closure.java:412)
  app//groovy.lang.Closure.run(Closure.java:505)
  java.base@17.0.10/java.lang.Thread.run(Thread.java:840)

Thread[Thread-1,5,main]
  java.base@17.0.10/jdk.internal.misc.Unsafe.park(Native Method)
  java.base@17.0.10/java.util.concurrent.locks.LockSupport.parkNanos(LockSupport.java:252)
  java.base@17.0.10/java.util.concurrent.locks.AbstractQueuedSynchronizer$ConditionObject.awaitNanos(AbstractQueuedSynchronizer.java:1672)
  java.base@17.0.10/java.util.concurrent.LinkedBlockingDeque.pollFirst(LinkedBlockingDeque.java:515)
  java.base@17.0.10/java.util.concurrent.LinkedBlockingDeque.poll(LinkedBlockingDeque.java:677)
  app//nextflow.util.SimpleAgent.run(SimpleAgent.groovy:89)
  java.base@17.0.10/jdk.internal.reflect.NativeMethodAccessorImpl.invoke0(Native Method)
  java.base@17.0.10/jdk.internal.reflect.NativeMethodAccessorImpl.invoke(NativeMethodAccessorImpl.java:77)
  java.base@17.0.10/jdk.internal.reflect.DelegatingMethodAccessorImpl.invoke(DelegatingMethodAccessorImpl.java:43)
  java.base@17.0.10/java.lang.reflect.Method.invoke(Method.java:568)
  app//org.codehaus.groovy.reflection.CachedMethod.invoke(CachedMethod.java:343)
  app//groovy.lang.MetaMethod.doMethodInvoke(MetaMethod.java:328)
  app//groovy.lang.MetaClassImpl.doInvokeMethod(MetaClassImpl.java:1333)
  app//groovy.lang.MetaClassImpl.invokeMethod(MetaClassImpl.java:1088)
  app//groovy.lang.MetaClassImpl.invokeMethodClosure(MetaClassImpl.java:1017)
  app//groovy.lang.MetaClassImpl.doInvokeMethod(MetaClassImpl.java:1207)
  app//groovy.lang.MetaClassImpl.invokeMethod(MetaClassImpl.java:1088)
  app//groovy.lang.MetaClassImpl.invokeMethod(MetaClassImpl.java:1007)
  app//groovy.lang.Closure.call(Closure.java:433)
  app//groovy.lang.Closure.call(Closure.java:412)
  app//groovy.lang.Closure.run(Closure.java:505)
  java.base@17.0.10/java.lang.Thread.run(Thread.java:840)

Thread[Signal Dispatcher,9,system]

Thread[TaskFinalizer-1,5,main]
  java.base@17.0.10/java.lang.Thread.dumpThreads(Native Method)
  java.base@17.0.10/java.lang.Thread.getAllStackTraces(Thread.java:1671)
  app//nextflow.util.SysHelper.dumpThreads(SysHelper.groovy:188)
  app//nextflow.Session.abort(Session.groovy:800)
  app//nextflow.Session.fault(Session.groovy:766)
  app//nextflow.processor.TaskPollingMonitor.finalizeTask(TaskPollingMonitor.groovy:695)
  app//nextflow.processor.TaskPollingMonitor.safeFinalizeTask(TaskPollingMonitor.groovy:678)
  java.base@17.0.10/jdk.internal.reflect.NativeMethodAccessorImpl.invoke0(Native Method)
  java.base@17.0.10/jdk.internal.reflect.NativeMethodAccessorImpl.invoke(NativeMethodAccessorImpl.java:77)
  java.base@17.0.10/jdk.internal.reflect.DelegatingMethodAccessorImpl.invoke(DelegatingMethodAccessorImpl.java:43)
  java.base@17.0.10/java.lang.reflect.Method.invoke(Method.java:568)
  app//org.codehaus.groovy.reflection.CachedMethod.invoke(CachedMethod.java:343)
  app//groovy.lang.MetaMethod.doMethodInvoke(MetaMethod.java:328)
  app//groovy.lang.MetaClassImpl.doInvokeMethod(MetaClassImpl.java:1333)
  app//groovy.lang.MetaClassImpl.invokeMethod(MetaClassImpl.java:1088)
  app//groovy.lang.MetaClassImpl.invokeMethod(MetaClassImpl.java:1007)
  app//org.codehaus.groovy.runtime.InvokerHelper.invokePogoMethod(InvokerHelper.java:645)
  app//org.codehaus.groovy.runtime.InvokerHelper.invokeMethod(InvokerHelper.java:628)
  app//org.codehaus.groovy.runtime.InvokerHelper.invokeMethodSafe(InvokerHelper.java:82)
  app//nextflow.processor.TaskPollingMonitor$_checkTaskStatus_lambda8.doCall(TaskPollingMonitor.groovy:668)
  app//nextflow.processor.TaskPollingMonitor$$Lambda$426/0x00000008004f43f0.run(Unknown Source)
  java.base@17.0.10/java.util.concurrent.Executors$RunnableAdapter.call(Executors.java:539)
  java.base@17.0.10/java.util.concurrent.FutureTask.run(FutureTask.java:264)
  java.base@17.0.10/java.util.concurrent.ThreadPoolExecutor.runWorker(ThreadPoolExecutor.java:1136)
  java.base@17.0.10/java.util.concurrent.ThreadPoolExecutor$Worker.run(ThreadPoolExecutor.java:635)
  java.base@17.0.10/java.lang.Thread.run(Thread.java:840)

Thread[Actor Thread 9,5,main]
  java.base@17.0.10/jdk.internal.misc.Unsafe.park(Native Method)
  java.base@17.0.10/java.util.concurrent.locks.LockSupport.park(LockSupport.java:341)
  java.base@17.0.10/java.util.concurrent.SynchronousQueue$TransferStack$SNode.block(SynchronousQueue.java:288)
  java.base@17.0.10/java.util.concurrent.ForkJoinPool.unmanagedBlock(ForkJoinPool.java:3465)
  java.base@17.0.10/java.util.concurrent.ForkJoinPool.managedBlock(ForkJoinPool.java:3436)
  java.base@17.0.10/java.util.concurrent.SynchronousQueue$TransferStack.transfer(SynchronousQueue.java:397)
  java.base@17.0.10/java.util.concurrent.SynchronousQueue.take(SynchronousQueue.java:886)
  java.base@17.0.10/java.util.concurrent.ThreadPoolExecutor.getTask(ThreadPoolExecutor.java:1062)
  java.base@17.0.10/java.util.concurrent.ThreadPoolExecutor.runWorker(ThreadPoolExecutor.java:1122)
  java.base@17.0.10/java.util.concurrent.ThreadPoolExecutor$Worker.run(ThreadPoolExecutor.java:635)
  java.base@17.0.10/java.lang.Thread.run(Thread.java:840)

Thread[Finalizer,8,system]
  java.base@17.0.10/java.lang.Object.wait(Native Method)
  java.base@17.0.10/java.lang.ref.ReferenceQueue.remove(ReferenceQueue.java:155)
  java.base@17.0.10/java.lang.ref.ReferenceQueue.remove(ReferenceQueue.java:176)
  java.base@17.0.10/java.lang.ref.Finalizer$FinalizerThread.run(Finalizer.java:172)

Thread[Common-Cleaner,8,InnocuousThreadGroup]
  java.base@17.0.10/java.lang.Object.wait(Native Method)
  java.base@17.0.10/java.lang.ref.ReferenceQueue.remove(ReferenceQueue.java:155)
  java.base@17.0.10/jdk.internal.ref.CleanerImpl.run(CleanerImpl.java:140)
  java.base@17.0.10/java.lang.Thread.run(Thread.java:840)
  java.base@17.0.10/jdk.internal.misc.InnocuousThread.run(InnocuousThread.java:162)

Thread[AnsiLogObserver,5,main]
  java.base@17.0.10/java.lang.Object.wait(Native Method)
  app//nextflow.trace.AnsiLogObserver.render0(AnsiLogObserver.groovy:185)
  java.base@17.0.10/jdk.internal.reflect.NativeMethodAccessorImpl.invoke0(Native Method)
  java.base@17.0.10/jdk.internal.reflect.NativeMethodAccessorImpl.invoke(NativeMethodAccessorImpl.java:77)
  java.base@17.0.10/jdk.internal.reflect.DelegatingMethodAccessorImpl.invoke(DelegatingMethodAccessorImpl.java:43)
  java.base@17.0.10/java.lang.reflect.Method.invoke(Method.java:568)
  app//org.codehaus.groovy.reflection.CachedMethod.invoke(CachedMethod.java:343)
  app//groovy.lang.MetaMethod.doMethodInvoke(MetaMethod.java:328)
  app//groovy.lang.MetaClassImpl.doInvokeMethod(MetaClassImpl.java:1333)
  app//groovy.lang.MetaClassImpl.invokeMethod(MetaClassImpl.java:1088)
  app//groovy.lang.MetaClassImpl.invokeMethodClosure(MetaClassImpl.java:1017)
  app//groovy.lang.MetaClassImpl.doInvokeMethod(MetaClassImpl.java:1207)
  app//groovy.lang.MetaClassImpl.invokeMethod(MetaClassImpl.java:1088)
  app//groovy.lang.MetaClassImpl.invokeMethod(MetaClassImpl.java:1007)
  app//groovy.lang.Closure.call(Closure.java:433)
  app//groovy.lang.Closure.call(Closure.java:412)
  app//groovy.lang.Closure.run(Closure.java:505)
  java.base@17.0.10/java.lang.Thread.run(Thread.java:840)

Thread[Notification Thread,9,system]

Thread[Actor Thread 8,5,main]
  java.base@17.0.10/java.util.HashMap.resize(HashMap.java:733)
  java.base@17.0.10/java.util.HashMap.putVal(HashMap.java:661)
  java.base@17.0.10/java.util.HashMap.put(HashMap.java:610)
  java.base@17.0.10/java.util.HashSet.add(HashSet.java:221)
  app//groovy.lang.MetaClassImpl.populateMethods(MetaClassImpl.java:402)
  app//groovy.lang.MetaClassImpl.fillMethodIndex(MetaClassImpl.java:375)
  app//groovy.lang.MetaClassImpl.reinitialize(MetaClassImpl.java:3446)
  app//groovy.lang.MetaClassImpl.initialize(MetaClassImpl.java:3441)
  app//org.codehaus.groovy.reflection.ClassInfo.getMetaClassUnderLock(ClassInfo.java:272)
  app//org.codehaus.groovy.reflection.ClassInfo.getMetaClass(ClassInfo.java:314)
  app//org.codehaus.groovy.runtime.metaclass.MetaClassRegistryImpl.getMetaClass(MetaClassRegistryImpl.java:269)
  app//org.codehaus.groovy.vmplugin.v8.Selector$MethodSelector.getMetaClass(Selector.java:575)
  app//org.codehaus.groovy.vmplugin.v8.Selector$MethodSelector.setCallSiteTarget(Selector.java:1020)
  app//org.codehaus.groovy.vmplugin.v8.IndyInterface.fallback(IndyInterface.java:360)
  app//org.codehaus.groovy.vmplugin.v8.IndyInterface.access$000(IndyInterface.java:50)
  app//org.codehaus.groovy.vmplugin.v8.IndyInterface$FallbackSupplier.get(IndyInterface.java:282)
  app//org.codehaus.groovy.vmplugin.v8.IndyInterface.lambda$fromCache$1(IndyInterface.java:304)
  app//org.codehaus.groovy.vmplugin.v8.IndyInterface$$Lambda$95/0x0000000800137000.provide(Unknown Source)
  app//org.codehaus.groovy.vmplugin.v8.CacheableCallSite.getAndPut(CacheableCallSite.java:70)
  app//org.codehaus.groovy.vmplugin.v8.IndyInterface.lambda$fromCache$2(IndyInterface.java:301)
  app//org.codehaus.groovy.vmplugin.v8.IndyInterface$$Lambda$94/0x000000080012faa0.apply(Unknown Source)
  app//org.codehaus.groovy.vmplugin.v8.IndyInterface.doWithCallSite(IndyInterface.java:376)
  app//org.codehaus.groovy.vmplugin.v8.IndyInterface.fromCache(IndyInterface.java:298)
  java.base@17.0.10/java.lang.invoke.LambdaForm$DMH/0x0000000800130c00.invokeStatic(LambdaForm$DMH)
  java.base@17.0.10/java.lang.invoke.LambdaForm$MH/0x000000080018d000.invoke(LambdaForm$MH)
  java.base@17.0.10/java.lang.invoke.Invokers$Holder.linkToCallSite(Invokers$Holder)
  app//nextflow.util.KryoHelper.newInstance(SerializationHelper.groovy:91)
  java.base@17.0.10/jdk.internal.reflect.NativeMethodAccessorImpl.invoke0(Native Method)
  java.base@17.0.10/jdk.internal.reflect.NativeMethodAccessorImpl.invoke(NativeMethodAccessorImpl.java:77)
  java.base@17.0.10/jdk.internal.reflect.DelegatingMethodAccessorImpl.invoke(DelegatingMethodAccessorImpl.java:43)
  java.base@17.0.10/java.lang.reflect.Method.invoke(Method.java:568)
  app//org.codehaus.groovy.reflection.CachedMethod.invoke(CachedMethod.java:343)
  app//groovy.lang.MetaMethod.doMethodInvoke(MetaMethod.java:328)
  app//groovy.lang.MetaClassImpl.invokeStaticMethod(MetaClassImpl.java:1586)
  app//org.codehaus.groovy.runtime.InvokerHelper.invokeMethod(InvokerHelper.java:611)
  app//org.codehaus.groovy.runtime.ScriptBytecodeAdapter.invokeMethodN(ScriptBytecodeAdapter.java:182)
  app//nextflow.util.KryoHelper$1.methodMissing(SerializationHelper.groovy)
  java.base@17.0.10/jdk.internal.reflect.NativeMethodAccessorImpl.invoke0(Native Method)
  java.base@17.0.10/jdk.internal.reflect.NativeMethodAccessorImpl.invoke(NativeMethodAccessorImpl.java:77)
  java.base@17.0.10/jdk.internal.reflect.DelegatingMethodAccessorImpl.invoke(DelegatingMethodAccessorImpl.java:43)
  java.base@17.0.10/java.lang.reflect.Method.invoke(Method.java:568)
  app//org.codehaus.groovy.reflection.CachedMethod.invoke(CachedMethod.java:343)
  app//groovy.lang.MetaClassImpl.invokeMissingMethod(MetaClassImpl.java:924)
  app//groovy.lang.MetaClassImpl.invokePropertyOrMissing(MetaClassImpl.java:1413)
  app//groovy.lang.MetaClassImpl.doInvokeMethod(MetaClassImpl.java:1335)
  app//groovy.lang.MetaClassImpl.invokeMethod(MetaClassImpl.java:1088)
  app//groovy.lang.MetaClassImpl.invokeMethod(MetaClassImpl.java:1007)
  java.base@17.0.10/java.lang.invoke.LambdaForm$DMH/0x000000080013ec00.invokeInterface(LambdaForm$DMH)
  java.base@17.0.10/java.lang.invoke.LambdaForm$MH/0x000000080023d400.invoke(LambdaForm$MH)
  java.base@17.0.10/java.lang.invoke.LambdaForm$MH/0x000000080025ac00.invoke(LambdaForm$MH)
  java.base@17.0.10/java.lang.invoke.LambdaForm$MH/0x0000000800225c00.guardWithCatch(LambdaForm$MH)
  java.base@17.0.10/java.lang.invoke.LambdaForm$MH/0x000000080013d400.reinvoke(LambdaForm$MH)
  java.base@17.0.10/java.lang.invoke.LambdaForm$MH/0x000000080013d800.guard(LambdaForm$MH)
  java.base@17.0.10/java.lang.invoke.LambdaForm$MH/0x000000080013d400.reinvoke(LambdaForm$MH)
  java.base@17.0.10/java.lang.invoke.LambdaForm$MH/0x000000080013d800.guard(LambdaForm$MH)
  java.base@17.0.10/java.lang.invoke.LambdaForm$MH/0x000000080013d400.reinvoke(LambdaForm$MH)
  java.base@17.0.10/java.lang.invoke.LambdaForm$MH/0x00000008001bcc00.invoke(LambdaForm$MH)
  java.base@17.0.10/java.lang.invoke.LambdaForm$MH/0x0000000800184000.invokeExact_MT(LambdaForm$MH)
  app//org.codehaus.groovy.vmplugin.v8.IndyInterface.fromCache(IndyInterface.java:321)
  java.base@17.0.10/java.lang.invoke.LambdaForm$DMH/0x0000000800130c00.invokeStatic(LambdaForm$DMH)
  java.base@17.0.10/java.lang.invoke.LambdaForm$MH/0x0000000800136400.invoke(LambdaForm$MH)
  java.base@17.0.10/java.lang.invoke.Invokers$Holder.linkToCallSite(Invokers$Holder)
  app//nextflow.util.KryoHelper$1.initialValue(SerializationHelper.groovy:60)
  app//nextflow.util.KryoHelper$1.initialValue(SerializationHelper.groovy)
  java.base@17.0.10/java.lang.ThreadLocal.setInitialValue(ThreadLocal.java:195)
  java.base@17.0.10/java.lang.ThreadLocal.get(ThreadLocal.java:172)
  java.base@17.0.10/java.lang.invoke.DirectMethodHandle$Holder.invokeVirtual(DirectMethodHandle$Holder)
  java.base@17.0.10/java.lang.invoke.LambdaForm$MH/0x0000000800225c00.guardWithCatch(LambdaForm$MH)
  java.base@17.0.10/java.lang.invoke.LambdaForm$MH/0x000000080013d400.reinvoke(LambdaForm$MH)
  java.base@17.0.10/java.lang.invoke.LambdaForm$MH/0x000000080013d800.guard(LambdaForm$MH)
  java.base@17.0.10/java.lang.invoke.LambdaForm$MH/0x000000080013d400.reinvoke(LambdaForm$MH)
  java.base@17.0.10/java.lang.invoke.LambdaForm$MH/0x000000080013d800.guard(LambdaForm$MH)
  java.base@17.0.10/java.lang.invoke.LambdaForm$MH/0x000000080013d400.reinvoke(LambdaForm$MH)
  java.base@17.0.10/java.lang.invoke.LambdaForm$MH/0x00000008001bcc00.invoke(LambdaForm$MH)
  java.base@17.0.10/java.lang.invoke.LambdaForm$MH/0x0000000800184000.invokeExact_MT(LambdaForm$MH)
  app//org.codehaus.groovy.vmplugin.v8.IndyInterface.fromCache(IndyInterface.java:321)
  java.base@17.0.10/java.lang.invoke.LambdaForm$DMH/0x0000000800130c00.invokeStatic(LambdaForm$DMH)
  java.base@17.0.10/java.lang.invoke.LambdaForm$MH/0x0000000800136400.invoke(LambdaForm$MH)
  java.base@17.0.10/java.lang.invoke.Invokers$Holder.linkToCallSite(Invokers$Holder)
  app//nextflow.util.KryoHelper.kryo(SerializationHelper.groovy:79)
  java.base@17.0.10/java.lang.invoke.DirectMethodHandle$Holder.invokeStatic(DirectMethodHandle$Holder)
  java.base@17.0.10/java.lang.invoke.LambdaForm$MH/0x0000000800225400.invoke(LambdaForm$MH)
  java.base@17.0.10/java.lang.invoke.LambdaForm$MH/0x0000000800225c00.guardWithCatch(LambdaForm$MH)
  java.base@17.0.10/java.lang.invoke.LambdaForm$MH/0x000000080013d400.reinvoke(LambdaForm$MH)
  java.base@17.0.10/java.lang.invoke.LambdaForm$MH/0x000000080013d800.guard(LambdaForm$MH)
  java.base@17.0.10/java.lang.invoke.LambdaForm$MH/0x000000080013d400.reinvoke(LambdaForm$MH)
  java.base@17.0.10/java.lang.invoke.LambdaForm$MH/0x00000008001bcc00.invoke(LambdaForm$MH)
  java.base@17.0.10/java.lang.invoke.LambdaForm$MH/0x0000000800184000.invokeExact_MT(LambdaForm$MH)
  app//org.codehaus.groovy.vmplugin.v8.IndyInterface.fromCache(IndyInterface.java:321)
  java.base@17.0.10/java.lang.invoke.LambdaForm$DMH/0x0000000800130c00.invokeStatic(LambdaForm$DMH)
  java.base@17.0.10/java.lang.invoke.LambdaForm$MH/0x0000000800136400.invoke(LambdaForm$MH)
  java.base@17.0.10/java.lang.invoke.Invokers$Holder.linkToCallSite(Invokers$Holder)
  app//nextflow.util.KryoHelper.serialize(SerializationHelper.groovy:166)
  app//nextflow.trace.TraceRecord.serialize(TraceRecord.groovy:573)
  app//nextflow.cache.CacheDB.writeTaskEntry0(CacheDB.groovy:147)
  java.base@17.0.10/jdk.internal.reflect.NativeMethodAccessorImpl.invoke0(Native Method)
  java.base@17.0.10/jdk.internal.reflect.NativeMethodAccessorImpl.invoke(NativeMethodAccessorImpl.java:77)
  java.base@17.0.10/jdk.internal.reflect.DelegatingMethodAccessorImpl.invoke(DelegatingMethodAccessorImpl.java:43)
  java.base@17.0.10/java.lang.reflect.Method.invoke(Method.java:568)
  app//org.codehaus.groovy.reflection.CachedMethod.invoke(CachedMethod.java:343)
  app//groovy.lang.MetaMethod.doMethodInvoke(MetaMethod.java:328)
  app//groovy.lang.MetaClassImpl.doInvokeMethod(MetaClassImpl.java:1333)
  app//groovy.lang.MetaClassImpl.invokeMethod(MetaClassImpl.java:1088)
  app//groovy.lang.MetaClassImpl.invokeMethod(MetaClassImpl.java:1007)
  app//org.codehaus.groovy.runtime.InvokerHelper.invokePogoMethod(InvokerHelper.java:645)
  app//org.codehaus.groovy.runtime.InvokerHelper.invokeMethod(InvokerHelper.java:628)
  app//org.codehaus.groovy.runtime.InvokerHelper.invokeMethodSafe(InvokerHelper.java:82)
  app//nextflow.cache.CacheDB$_putTaskAsync_closure1.doCall(CacheDB.groovy:157)
  app//nextflow.cache.CacheDB$_putTaskAsync_closure1.call(CacheDB.groovy)
  app//groovyx.gpars.agent.AgentBase.onMessage(AgentBase.java:102)
  app//groovyx.gpars.agent.Agent.handleMessage(Agent.java:84)
  app//groovyx.gpars.agent.AgentCore$1.handleMessage(AgentCore.java:48)
  app//groovyx.gpars.util.AsyncMessagingCore.run(AsyncMessagingCore.java:132)
  java.base@17.0.10/java.util.concurrent.ThreadPoolExecutor.runWorker(ThreadPoolExecutor.java:1136)
  java.base@17.0.10/java.util.concurrent.ThreadPoolExecutor$Worker.run(ThreadPoolExecutor.java:635)
  java.base@17.0.10/java.lang.Thread.run(Thread.java:840)

Thread[pool-2-thread-1,5,main]
  java.base@17.0.10/jdk.internal.misc.Unsafe.park(Native Method)
  java.base@17.0.10/java.util.concurrent.locks.LockSupport.park(LockSupport.java:341)
  java.base@17.0.10/java.util.concurrent.locks.AbstractQueuedSynchronizer$ConditionNode.block(AbstractQueuedSynchronizer.java:506)
  java.base@17.0.10/java.util.concurrent.ForkJoinPool.unmanagedBlock(ForkJoinPool.java:3465)
  java.base@17.0.10/java.util.concurrent.ForkJoinPool.managedBlock(ForkJoinPool.java:3436)
  java.base@17.0.10/java.util.concurrent.locks.AbstractQueuedSynchronizer$ConditionObject.await(AbstractQueuedSynchronizer.java:1623)
  java.base@17.0.10/java.util.concurrent.LinkedBlockingQueue.take(LinkedBlockingQueue.java:435)
  java.base@17.0.10/java.util.concurrent.ThreadPoolExecutor.getTask(ThreadPoolExecutor.java:1062)
  java.base@17.0.10/java.util.concurrent.ThreadPoolExecutor.runWorker(ThreadPoolExecutor.java:1122)
  java.base@17.0.10/java.util.concurrent.ThreadPoolExecutor$Worker.run(ThreadPoolExecutor.java:635)
  java.base@17.0.10/java.lang.Thread.run(Thread.java:840)

Thread[Actor Thread 2,5,main]
  java.base@17.0.10/jdk.internal.misc.Unsafe.park(Native Method)
  java.base@17.0.10/java.util.concurrent.locks.LockSupport.park(LockSupport.java:341)
  java.base@17.0.10/java.util.concurrent.SynchronousQueue$TransferStack$SNode.block(SynchronousQueue.java:288)
  java.base@17.0.10/java.util.concurrent.ForkJoinPool.unmanagedBlock(ForkJoinPool.java:3465)
  java.base@17.0.10/java.util.concurrent.ForkJoinPool.managedBlock(ForkJoinPool.java:3436)
  java.base@17.0.10/java.util.concurrent.SynchronousQueue$TransferStack.transfer(SynchronousQueue.java:397)
  java.base@17.0.10/java.util.concurrent.SynchronousQueue.take(SynchronousQueue.java:886)
  java.base@17.0.10/java.util.concurrent.ThreadPoolExecutor.getTask(ThreadPoolExecutor.java:1062)
  java.base@17.0.10/java.util.concurrent.ThreadPoolExecutor.runWorker(ThreadPoolExecutor.java:1122)
  java.base@17.0.10/java.util.concurrent.ThreadPoolExecutor$Worker.run(ThreadPoolExecutor.java:635)
  java.base@17.0.10/java.lang.Thread.run(Thread.java:840)

Thread[Reference Handler,10,system]
  java.base@17.0.10/java.lang.ref.Reference.waitForReferencePendingList(Native Method)
  java.base@17.0.10/java.lang.ref.Reference.processPendingReferences(Reference.java:253)
  java.base@17.0.10/java.lang.ref.Reference$ReferenceHandler.run(Reference.java:215)

Dec-02 01:14:25.067 [main] INFO  nextflow.script.BaseScript - Nanofrag analysis completed successfully. Results are saved in 'test_wf'.
Dec-02 01:14:25.073 [main] DEBUG n.trace.WorkflowStatsObserver - Workflow completed > WorkflowStats[succeededCount=0; failedCount=1; ignoredCount=0; cachedCount=0; pendingCount=0; submittedCount=0; runningCount=0; retriesCount=0; abortedCount=0; succeedDuration=0ms; failedDuration=8m 2s; cachedDuration=0ms;loadCpus=0; loadMemory=0; peakRunning=1; peakCpus=4; peakMemory=12 GB; ]
Dec-02 01:14:25.073 [main] DEBUG nextflow.trace.TraceFileObserver - Workflow completed -- saving trace file
Dec-02 01:14:25.075 [main] DEBUG nextflow.trace.ReportObserver - Workflow completed -- rendering execution report
Dec-02 01:14:25.764 [main] DEBUG nextflow.trace.TimelineObserver - Workflow completed -- rendering execution timeline
Dec-02 01:14:25.851 [main] DEBUG nextflow.cache.CacheDB - Closing CacheDB done
Dec-02 01:14:25.875 [main] DEBUG nextflow.script.ScriptRunner - > Execution complete -- Goodbye
